<?xml version="1.0"?>
<workspace name="test-workspace" startdate="09/01/2019 10:00:00 AM" editdate="09/03/2019 12:30:00 PM">
    <project name="MYDNS-Dissector">
    </project>
    <project name="MYTDS-Dissector">
    </project>
</workspace>
